This is pdfTeX, Version 3.14159265-2.6-1.40.21 (TeX Live 2020/W32TeX) (preloaded format=pdflatex 2020.10.9)  13 OCT 2020 14:59
entering extended mode
 restricted \write18 enabled.
 %&-line parsing enabled.
**capstone_movielens_report.tex
(./capstone_movielens_report.tex
LaTeX2e <2020-10-01>
L3 programming layer <2020-10-05> xparse <2020-03-03>
(c:/Users/wykoong.WSHB0918002/AppData/Roaming/TinyTeX/texmf-dist/tex/latex/base
/article.cls
Document Class: article 2020/04/10 v1.4m Standard LaTeX document class

(c:/Users/wykoong.WSHB0918002/AppData/Roaming/TinyTeX/texmf-dist/tex/latex/base
/size10.clo
File: size10.clo 2020/04/10 v1.4m Standard LaTeX file (size option)
)
\c@part=\count175
\c@section=\count176
\c@subsection=\count177
\c@subsubsection=\count178
\c@paragraph=\count179
\c@subparagraph=\count180
\c@figure=\count181
\c@table=\count182
\abovecaptionskip=\skip47
\belowcaptionskip=\skip48
\bibindent=\dimen138
)
(c:/Users/wykoong.WSHB0918002/AppData/Roaming/TinyTeX/texmf-dist/tex/latex/lm/l
modern.sty
Package: lmodern 2009/10/30 v1.6 Latin Modern Fonts
LaTeX Font Info:    Overwriting symbol font `operators' in version `normal'
(Font)                  OT1/cmr/m/n --> OT1/lmr/m/n on input line 22.
LaTeX Font Info:    Overwriting symbol font `letters' in version `normal'
(Font)                  OML/cmm/m/it --> OML/lmm/m/it on input line 23.
LaTeX Font Info:    Overwriting symbol font `symbols' in version `normal'
(Font)                  OMS/cmsy/m/n --> OMS/lmsy/m/n on input line 24.
LaTeX Font Info:    Overwriting symbol font `largesymbols' in version `normal'
(Font)                  OMX/cmex/m/n --> OMX/lmex/m/n on input line 25.
LaTeX Font Info:    Overwriting symbol font `operators' in version `bold'
(Font)                  OT1/cmr/bx/n --> OT1/lmr/bx/n on input line 26.
LaTeX Font Info:    Overwriting symbol font `letters' in version `bold'
(Font)                  OML/cmm/b/it --> OML/lmm/b/it on input line 27.
LaTeX Font Info:    Overwriting symbol font `symbols' in version `bold'
(Font)                  OMS/cmsy/b/n --> OMS/lmsy/b/n on input line 28.
LaTeX Font Info:    Overwriting symbol font `largesymbols' in version `bold'
(Font)                  OMX/cmex/m/n --> OMX/lmex/m/n on input line 29.
LaTeX Font Info:    Overwriting math alphabet `\mathbf' in version `normal'
(Font)                  OT1/cmr/bx/n --> OT1/lmr/bx/n on input line 31.
LaTeX Font Info:    Overwriting math alphabet `\mathsf' in version `normal'
(Font)                  OT1/cmss/m/n --> OT1/lmss/m/n on input line 32.
LaTeX Font Info:    Overwriting math alphabet `\mathit' in version `normal'
(Font)                  OT1/cmr/m/it --> OT1/lmr/m/it on input line 33.
LaTeX Font Info:    Overwriting math alphabet `\mathtt' in version `normal'
(Font)                  OT1/cmtt/m/n --> OT1/lmtt/m/n on input line 34.
LaTeX Font Info:    Overwriting math alphabet `\mathbf' in version `bold'
(Font)                  OT1/cmr/bx/n --> OT1/lmr/bx/n on input line 35.
LaTeX Font Info:    Overwriting math alphabet `\mathsf' in version `bold'
(Font)                  OT1/cmss/bx/n --> OT1/lmss/bx/n on input line 36.
LaTeX Font Info:    Overwriting math alphabet `\mathit' in version `bold'
(Font)                  OT1/cmr/bx/it --> OT1/lmr/bx/it on input line 37.
LaTeX Font Info:    Overwriting math alphabet `\mathtt' in version `bold'
(Font)                  OT1/cmtt/m/n --> OT1/lmtt/m/n on input line 38.
)
(c:/Users/wykoong.WSHB0918002/AppData/Roaming/TinyTeX/texmf-dist/tex/latex/amsf
onts/amssymb.sty
Package: amssymb 2013/01/14 v3.01 AMS font symbols

(c:/Users/wykoong.WSHB0918002/AppData/Roaming/TinyTeX/texmf-dist/tex/latex/amsf
onts/amsfonts.sty
Package: amsfonts 2013/01/14 v3.01 Basic AMSFonts support
\@emptytoks=\toks15
\symAMSa=\mathgroup4
\symAMSb=\mathgroup5
LaTeX Font Info:    Redeclaring math symbol \hbar on input line 98.
LaTeX Font Info:    Overwriting math alphabet `\mathfrak' in version `bold'
(Font)                  U/euf/m/n --> U/euf/b/n on input line 106.
))
(c:/Users/wykoong.WSHB0918002/AppData/Roaming/TinyTeX/texmf-dist/tex/latex/amsm
ath/amsmath.sty
Package: amsmath 2020/09/23 v2.17i AMS math features
\@mathmargin=\skip49
For additional information on amsmath, use the `?' option.

(c:/Users/wykoong.WSHB0918002/AppData/Roaming/TinyTeX/texmf-dist/tex/latex/amsm
ath/amstext.sty
Package: amstext 2000/06/29 v2.01 AMS text

(c:/Users/wykoong.WSHB0918002/AppData/Roaming/TinyTeX/texmf-dist/tex/latex/amsm
ath/amsgen.sty
File: amsgen.sty 1999/11/30 v2.0 generic functions
\@emptytoks=\toks16
\ex@=\dimen139
))
(c:/Users/wykoong.WSHB0918002/AppData/Roaming/TinyTeX/texmf-dist/tex/latex/amsm
ath/amsbsy.sty
Package: amsbsy 1999/11/29 v1.2d Bold Symbols
\pmbraise@=\dimen140
)
(c:/Users/wykoong.WSHB0918002/AppData/Roaming/TinyTeX/texmf-dist/tex/latex/amsm
ath/amsopn.sty
Package: amsopn 2016/03/08 v2.02 operator names
)
\inf@bad=\count183
LaTeX Info: Redefining \frac on input line 234.
\uproot@=\count184
\leftroot@=\count185
LaTeX Info: Redefining \overline on input line 399.
\classnum@=\count186
\DOTSCASE@=\count187
LaTeX Info: Redefining \ldots on input line 496.
LaTeX Info: Redefining \dots on input line 499.
LaTeX Info: Redefining \cdots on input line 620.
\Mathstrutbox@=\box47
\strutbox@=\box48
\big@size=\dimen141
LaTeX Font Info:    Redeclaring font encoding OML on input line 743.
LaTeX Font Info:    Redeclaring font encoding OMS on input line 744.
\macc@depth=\count188
\c@MaxMatrixCols=\count189
\dotsspace@=\muskip16
\c@parentequation=\count190
\dspbrk@lvl=\count191
\tag@help=\toks17
\row@=\count192
\column@=\count193
\maxfields@=\count194
\andhelp@=\toks18
\eqnshift@=\dimen142
\alignsep@=\dimen143
\tagshift@=\dimen144
\tagwidth@=\dimen145
\totwidth@=\dimen146
\lineht@=\dimen147
\@envbody=\toks19
\multlinegap=\skip50
\multlinetaggap=\skip51
\mathdisplay@stack=\toks20
LaTeX Info: Redefining \[ on input line 2923.
LaTeX Info: Redefining \] on input line 2924.
)
(c:/Users/wykoong.WSHB0918002/AppData/Roaming/TinyTeX/texmf-dist/tex/generic/if
tex/ifxetex.sty
Package: ifxetex 2019/10/25 v0.7 ifxetex legacy package. Use iftex instead.

(c:/Users/wykoong.WSHB0918002/AppData/Roaming/TinyTeX/texmf-dist/tex/generic/if
tex/iftex.sty
Package: iftex 2020/03/06 v1.0d TeX engine tests
))
(c:/Users/wykoong.WSHB0918002/AppData/Roaming/TinyTeX/texmf-dist/tex/generic/if
tex/ifluatex.sty
Package: ifluatex 2019/10/25 v1.5 ifluatex legacy package. Use iftex instead.
)
(c:/Users/wykoong.WSHB0918002/AppData/Roaming/TinyTeX/texmf-dist/tex/latex/base
/fontenc.sty
Package: fontenc 2020/08/10 v2.0s Standard LaTeX package
LaTeX Font Info:    Trying to load font information for T1+lmr on input line 11
2.

(c:/Users/wykoong.WSHB0918002/AppData/Roaming/TinyTeX/texmf-dist/tex/latex/lm/t
1lmr.fd
File: t1lmr.fd 2009/10/30 v1.6 Font defs for Latin Modern
))
(c:/Users/wykoong.WSHB0918002/AppData/Roaming/TinyTeX/texmf-dist/tex/latex/base
/inputenc.sty
Package: inputenc 2020/08/01 v1.3d Input encoding file
\inpenc@prehook=\toks21
\inpenc@posthook=\toks22
)
(c:/Users/wykoong.WSHB0918002/AppData/Roaming/TinyTeX/texmf-dist/tex/latex/base
/textcomp.sty
Package: textcomp 2020/02/02 v2.0n Standard LaTeX package
)
(c:/Users/wykoong.WSHB0918002/AppData/Roaming/TinyTeX/texmf-dist/tex/latex/xcol
or/xcolor.sty
Package: xcolor 2016/05/11 v2.12 LaTeX color extensions (UK)

(c:/Users/wykoong.WSHB0918002/AppData/Roaming/TinyTeX/texmf-dist/tex/latex/grap
hics-cfg/color.cfg
File: color.cfg 2016/01/02 v1.6 sample color configuration
)
Package xcolor Info: Driver file: pdftex.def on input line 225.

(c:/Users/wykoong.WSHB0918002/AppData/Roaming/TinyTeX/texmf-dist/tex/latex/grap
hics-def/pdftex.def
File: pdftex.def 2020/10/05 v1.2a Graphics/color driver for pdftex
)
Package xcolor Info: Model `cmy' substituted by `cmy0' on input line 1348.
Package xcolor Info: Model `hsb' substituted by `rgb' on input line 1352.
Package xcolor Info: Model `RGB' extended on input line 1364.
Package xcolor Info: Model `HTML' substituted by `rgb' on input line 1366.
Package xcolor Info: Model `Hsb' substituted by `hsb' on input line 1367.
Package xcolor Info: Model `tHsb' substituted by `hsb' on input line 1368.
Package xcolor Info: Model `HSB' substituted by `hsb' on input line 1369.
Package xcolor Info: Model `Gray' substituted by `gray' on input line 1370.
Package xcolor Info: Model `wave' substituted by `hsb' on input line 1371.
)
(c:/Users/wykoong.WSHB0918002/AppData/Roaming/TinyTeX/texmf-dist/tex/latex/hype
rref/hyperref.sty
Package: hyperref 2020-05-15 v7.00e Hypertext links for LaTeX

(c:/Users/wykoong.WSHB0918002/AppData/Roaming/TinyTeX/texmf-dist/tex/generic/lt
xcmds/ltxcmds.sty
Package: ltxcmds 2020-05-10 v1.25 LaTeX kernel commands for general use (HO)
)
(c:/Users/wykoong.WSHB0918002/AppData/Roaming/TinyTeX/texmf-dist/tex/generic/pd
ftexcmds/pdftexcmds.sty
Package: pdftexcmds 2020-06-27 v0.33 Utility functions of pdfTeX for LuaTeX (HO
)

(c:/Users/wykoong.WSHB0918002/AppData/Roaming/TinyTeX/texmf-dist/tex/generic/in
fwarerr/infwarerr.sty
Package: infwarerr 2019/12/03 v1.5 Providing info/warning/error messages (HO)
)
Package pdftexcmds Info: \pdf@primitive is available.
Package pdftexcmds Info: \pdf@ifprimitive is available.
Package pdftexcmds Info: \pdfdraftmode found.
)
(c:/Users/wykoong.WSHB0918002/AppData/Roaming/TinyTeX/texmf-dist/tex/latex/grap
hics/keyval.sty
Package: keyval 2014/10/28 v1.15 key=value parser (DPC)
\KV@toks@=\toks23
)
(c:/Users/wykoong.WSHB0918002/AppData/Roaming/TinyTeX/texmf-dist/tex/generic/kv
setkeys/kvsetkeys.sty
Package: kvsetkeys 2019/12/15 v1.18 Key value parser (HO)
)
(c:/Users/wykoong.WSHB0918002/AppData/Roaming/TinyTeX/texmf-dist/tex/generic/kv
definekeys/kvdefinekeys.sty
Package: kvdefinekeys 2019-12-19 v1.6 Define keys (HO)
)
(c:/Users/wykoong.WSHB0918002/AppData/Roaming/TinyTeX/texmf-dist/tex/generic/pd
fescape/pdfescape.sty
Package: pdfescape 2019/12/09 v1.15 Implements pdfTeX's escape features (HO)
)
(c:/Users/wykoong.WSHB0918002/AppData/Roaming/TinyTeX/texmf-dist/tex/latex/hyco
lor/hycolor.sty
Package: hycolor 2020-01-27 v1.10 Color options for hyperref/bookmark (HO)
)
(c:/Users/wykoong.WSHB0918002/AppData/Roaming/TinyTeX/texmf-dist/tex/latex/letl
txmacro/letltxmacro.sty
Package: letltxmacro 2019/12/03 v1.6 Let assignment for LaTeX macros (HO)
)
(c:/Users/wykoong.WSHB0918002/AppData/Roaming/TinyTeX/texmf-dist/tex/latex/auxh
ook/auxhook.sty
Package: auxhook 2019-12-17 v1.6 Hooks for auxiliary files (HO)
)
(c:/Users/wykoong.WSHB0918002/AppData/Roaming/TinyTeX/texmf-dist/tex/latex/kvop
tions/kvoptions.sty
Package: kvoptions 2019/11/29 v3.13 Key value format for package options (HO)
)
\@linkdim=\dimen148
\Hy@linkcounter=\count195
\Hy@pagecounter=\count196

(c:/Users/wykoong.WSHB0918002/AppData/Roaming/TinyTeX/texmf-dist/tex/latex/hype
rref/pd1enc.def
File: pd1enc.def 2020-05-15 v7.00e Hyperref: PDFDocEncoding definition (HO)
Now handling font encoding PD1 ...
... no UTF-8 mapping file for font encoding PD1
)
(c:/Users/wykoong.WSHB0918002/AppData/Roaming/TinyTeX/texmf-dist/tex/generic/in
tcalc/intcalc.sty
Package: intcalc 2019/12/15 v1.3 Expandable calculations with integers (HO)
)
(c:/Users/wykoong.WSHB0918002/AppData/Roaming/TinyTeX/texmf-dist/tex/generic/et
excmds/etexcmds.sty
Package: etexcmds 2019/12/15 v1.7 Avoid name clashes with e-TeX commands (HO)
)
\Hy@SavedSpaceFactor=\count197
Package hyperref Info: Option `unicode' set `true' on input line 4338.

(c:/Users/wykoong.WSHB0918002/AppData/Roaming/TinyTeX/texmf-dist/tex/latex/hype
rref/puenc.def
File: puenc.def 2020-05-15 v7.00e Hyperref: PDF Unicode definition (HO)
Now handling font encoding PU ...
... no UTF-8 mapping file for font encoding PU
)
Package hyperref Info: Hyper figures OFF on input line 4464.
Package hyperref Info: Link nesting OFF on input line 4469.
Package hyperref Info: Hyper index ON on input line 4472.
Package hyperref Info: Plain pages OFF on input line 4479.
Package hyperref Info: Backreferencing OFF on input line 4484.
Package hyperref Info: Implicit mode ON; LaTeX internals redefined.
Package hyperref Info: Bookmarks ON on input line 4717.
\c@Hy@tempcnt=\count198

(c:/Users/wykoong.WSHB0918002/AppData/Roaming/TinyTeX/texmf-dist/tex/latex/url/
url.sty
\Urlmuskip=\muskip17
Package: url 2013/09/16  ver 3.4  Verb mode for urls, etc.
)
LaTeX Info: Redefining \url on input line 5076.
\XeTeXLinkMargin=\dimen149

(c:/Users/wykoong.WSHB0918002/AppData/Roaming/TinyTeX/texmf-dist/tex/generic/bi
tset/bitset.sty
Package: bitset 2019/12/09 v1.3 Handle bit-vector datatype (HO)

(c:/Users/wykoong.WSHB0918002/AppData/Roaming/TinyTeX/texmf-dist/tex/generic/bi
gintcalc/bigintcalc.sty
Package: bigintcalc 2019/12/15 v1.5 Expandable calculations on big integers (HO
)
))
\Fld@menulength=\count199
\Field@Width=\dimen150
\Fld@charsize=\dimen151
Package hyperref Info: Hyper figures OFF on input line 6347.
Package hyperref Info: Link nesting OFF on input line 6352.
Package hyperref Info: Hyper index ON on input line 6355.
Package hyperref Info: backreferencing OFF on input line 6362.
Package hyperref Info: Link coloring OFF on input line 6367.
Package hyperref Info: Link coloring with OCG OFF on input line 6372.
Package hyperref Info: PDF/A mode OFF on input line 6377.
LaTeX Info: Redefining \ref on input line 6417.
LaTeX Info: Redefining \pageref on input line 6421.

(c:/Users/wykoong.WSHB0918002/AppData/Roaming/TinyTeX/texmf-dist/tex/latex/base
/atbegshi-ltx.sty
Package: atbegshi-ltx 2020/08/17 v1.0a Emulation of the original atbegshi packa
ge
with kernel methods
)
\Hy@abspage=\count266
\c@Item=\count267
\c@Hfootnote=\count268
)
Package hyperref Info: Driver (autodetected): hpdftex.

(c:/Users/wykoong.WSHB0918002/AppData/Roaming/TinyTeX/texmf-dist/tex/latex/hype
rref/hpdftex.def
File: hpdftex.def 2020-05-15 v7.00e Hyperref driver for pdfTeX

(c:/Users/wykoong.WSHB0918002/AppData/Roaming/TinyTeX/texmf-dist/tex/latex/base
/atveryend-ltx.sty
Package: atveryend-ltx 2020/08/19 v1.0a Emulation of the original atvery packag
e
with kernel methods
)
\Fld@listcount=\count269
\c@bookmark@seq@number=\count270

(c:/Users/wykoong.WSHB0918002/AppData/Roaming/TinyTeX/texmf-dist/tex/latex/reru
nfilecheck/rerunfilecheck.sty
Package: rerunfilecheck 2019/12/05 v1.9 Rerun checks for auxiliary files (HO)

(c:/Users/wykoong.WSHB0918002/AppData/Roaming/TinyTeX/texmf-dist/tex/generic/un
iquecounter/uniquecounter.sty
Package: uniquecounter 2019/12/15 v1.4 Provide unlimited unique counter (HO)
)
Package uniquecounter Info: New unique counter `rerunfilecheck' on input line 2
86.
)
\Hy@SectionHShift=\skip52
)
(c:/Users/wykoong.WSHB0918002/AppData/Roaming/TinyTeX/texmf-dist/tex/latex/geom
etry/geometry.sty
Package: geometry 2020/01/02 v5.9 Page Geometry

(c:/Users/wykoong.WSHB0918002/AppData/Roaming/TinyTeX/texmf-dist/tex/generic/if
tex/ifvtex.sty
Package: ifvtex 2019/10/25 v1.7 ifvtex legacy package. Use iftex instead.
)
\Gm@cnth=\count271
\Gm@cntv=\count272
\c@Gm@tempcnt=\count273
\Gm@bindingoffset=\dimen152
\Gm@wd@mp=\dimen153
\Gm@odd@mp=\dimen154
\Gm@even@mp=\dimen155
\Gm@layoutwidth=\dimen156
\Gm@layoutheight=\dimen157
\Gm@layouthoffset=\dimen158
\Gm@layoutvoffset=\dimen159
\Gm@dimlist=\toks24
)
(c:/Users/wykoong.WSHB0918002/AppData/Roaming/TinyTeX/texmf-dist/tex/latex/fanc
yvrb/fancyvrb.sty
Package: fancyvrb 2020/05/03 v3.6 verbatim text (tvz,hv)
\FV@CodeLineNo=\count274
\FV@InFile=\read2
\FV@TabBox=\box49
\c@FancyVerbLine=\count275
\FV@StepNumber=\count276
\FV@OutFile=\write3
)
(c:/Users/wykoong.WSHB0918002/AppData/Roaming/TinyTeX/texmf-dist/tex/latex/fram
ed/framed.sty
Package: framed 2011/10/22 v 0.96: framed or shaded text with page breaks
\OuterFrameSep=\skip53
\fb@frw=\dimen160
\fb@frh=\dimen161
\FrameRule=\dimen162
\FrameSep=\dimen163
)
(c:/Users/wykoong.WSHB0918002/AppData/Roaming/TinyTeX/texmf-dist/tex/latex/tool
s/longtable.sty
Package: longtable 2020/01/07 v4.13 Multi-page Table package (DPC)
\LTleft=\skip54
\LTright=\skip55
\LTpre=\skip56
\LTpost=\skip57
\LTchunksize=\count277
\LTcapwidth=\dimen164
\LT@head=\box50
\LT@firsthead=\box51
\LT@foot=\box52
\LT@lastfoot=\box53
\LT@cols=\count278
\LT@rows=\count279
\c@LT@tables=\count280
\c@LT@chunks=\count281
\LT@p@ftn=\toks25
)
(c:/Users/wykoong.WSHB0918002/AppData/Roaming/TinyTeX/texmf-dist/tex/latex/book
tabs/booktabs.sty
Package: booktabs 2020/01/12 v1.61803398 Publication quality tables
\heavyrulewidth=\dimen165
\lightrulewidth=\dimen166
\cmidrulewidth=\dimen167
\belowrulesep=\dimen168
\belowbottomsep=\dimen169
\aboverulesep=\dimen170
\abovetopsep=\dimen171
\cmidrulesep=\dimen172
\cmidrulekern=\dimen173
\defaultaddspace=\dimen174
\@cmidla=\count282
\@cmidlb=\count283
\@aboverulesep=\dimen175
\@belowrulesep=\dimen176
\@thisruleclass=\count284
\@lastruleclass=\count285
\@thisrulewidth=\dimen177
)
(c:/Users/wykoong.WSHB0918002/AppData/Roaming/TinyTeX/texmf-dist/tex/latex/etoo
lbox/etoolbox.sty
Package: etoolbox 2020/10/05 v2.5k e-TeX tools for LaTeX (JAW)
\etb@tempcnta=\count286
)
(c:/Users/wykoong.WSHB0918002/AppData/Roaming/TinyTeX/texmf-dist/tex/latex/mdwt
ools/footnote.sty
Package: footnote 1997/01/28 1.13 Save footnotes around boxes
\fn@notes=\box54
\fn@width=\dimen178
)
(c:/Users/wykoong.WSHB0918002/AppData/Roaming/TinyTeX/texmf-dist/tex/latex/grap
hics/graphicx.sty
Package: graphicx 2020/09/09 v1.2b Enhanced LaTeX Graphics (DPC,SPQR)

(c:/Users/wykoong.WSHB0918002/AppData/Roaming/TinyTeX/texmf-dist/tex/latex/grap
hics/graphics.sty
Package: graphics 2020/08/30 v1.4c Standard LaTeX Graphics (DPC,SPQR)

(c:/Users/wykoong.WSHB0918002/AppData/Roaming/TinyTeX/texmf-dist/tex/latex/grap
hics/trig.sty
Package: trig 2016/01/03 v1.10 sin cos tan (DPC)
)
(c:/Users/wykoong.WSHB0918002/AppData/Roaming/TinyTeX/texmf-dist/tex/latex/grap
hics-cfg/graphics.cfg
File: graphics.cfg 2016/06/04 v1.11 sample graphics configuration
)
Package graphics Info: Driver file: pdftex.def on input line 105.
)
\Gin@req@height=\dimen179
\Gin@req@width=\dimen180
)
(c:/Users/wykoong.WSHB0918002/AppData/Roaming/TinyTeX/texmf-dist/tex/latex/grff
ile/grffile.sty
Package: grffile 2019/11/11 v2.1 Extended file name support for graphics (legac
y)
Package grffile Info: This package is an empty stub for compatibility on input 
line 40.
)
(c:/Users/wykoong.WSHB0918002/AppData/Roaming/TinyTeX/texmf-dist/tex/latex/l3ba
ckend/l3backend-pdftex.def
File: l3backend-pdftex.def 2020-09-24 L3 backend support: PDF output (pdfTeX)
\l__kernel_color_stack_int=\count287
\l__pdf_internal_box=\box55
) (./capstone_movielens_report.aux)
\openout1 = `capstone_movielens_report.aux'.

LaTeX Font Info:    Checking defaults for OML/cmm/m/it on input line 116.
LaTeX Font Info:    ... okay on input line 116.
LaTeX Font Info:    Checking defaults for OMS/cmsy/m/n on input line 116.
LaTeX Font Info:    ... okay on input line 116.
LaTeX Font Info:    Checking defaults for OT1/cmr/m/n on input line 116.
LaTeX Font Info:    ... okay on input line 116.
LaTeX Font Info:    Checking defaults for T1/cmr/m/n on input line 116.
LaTeX Font Info:    ... okay on input line 116.
LaTeX Font Info:    Checking defaults for TS1/cmr/m/n on input line 116.
LaTeX Font Info:    ... okay on input line 116.
LaTeX Font Info:    Checking defaults for OMX/cmex/m/n on input line 116.
LaTeX Font Info:    ... okay on input line 116.
LaTeX Font Info:    Checking defaults for U/cmr/m/n on input line 116.
LaTeX Font Info:    ... okay on input line 116.
LaTeX Font Info:    Checking defaults for PD1/pdf/m/n on input line 116.
LaTeX Font Info:    ... okay on input line 116.
LaTeX Font Info:    Checking defaults for PU/pdf/m/n on input line 116.
LaTeX Font Info:    ... okay on input line 116.

(c:/Users/wykoong.WSHB0918002/AppData/Roaming/TinyTeX/texmf-dist/tex/latex/epst
opdf-pkg/epstopdf-base.sty
Package: epstopdf-base 2020-01-24 v2.11 Base part for package epstopdf
Package epstopdf-base Info: Redefining graphics rule for `.eps' on input line 4
85.

(c:/Users/wykoong.WSHB0918002/AppData/Roaming/TinyTeX/texmf-dist/tex/latex/late
xconfig/epstopdf-sys.cfg
File: epstopdf-sys.cfg 2010/07/13 v1.3 Configuration of (r)epstopdf for TeX Liv
e
))
Package hyperref Info: Link coloring OFF on input line 116.

(c:/Users/wykoong.WSHB0918002/AppData/Roaming/TinyTeX/texmf-dist/tex/latex/hype
rref/nameref.sty
Package: nameref 2019/09/16 v2.46 Cross-referencing by name of section

(c:/Users/wykoong.WSHB0918002/AppData/Roaming/TinyTeX/texmf-dist/tex/latex/refc
ount/refcount.sty
Package: refcount 2019/12/15 v3.6 Data extraction from label references (HO)
)
(c:/Users/wykoong.WSHB0918002/AppData/Roaming/TinyTeX/texmf-dist/tex/generic/ge
ttitlestring/gettitlestring.sty
Package: gettitlestring 2019/12/15 v1.6 Cleanup title references (HO)
)
\c@section@level=\count288
)
LaTeX Info: Redefining \ref on input line 116.
LaTeX Info: Redefining \pageref on input line 116.
LaTeX Info: Redefining \nameref on input line 116.
(./capstone_movielens_report.out) (./capstone_movielens_report.out)
\@outlinefile=\write4
\openout4 = `capstone_movielens_report.out'.

*geometry* driver: auto-detecting
*geometry* detected driver: pdftex
*geometry* verbose mode - [ preamble ] result:
* driver: pdftex
* paper: <default>
* layout: <same size as paper>
* layoutoffset:(h,v)=(0.0pt,0.0pt)
* modes: 
* h-part:(L,W,R)=(72.26999pt, 469.75502pt, 72.26999pt)
* v-part:(T,H,B)=(72.26999pt, 650.43001pt, 72.26999pt)
* \paperwidth=614.295pt
* \paperheight=794.96999pt
* \textwidth=469.75502pt
* \textheight=650.43001pt
* \oddsidemargin=0.0pt
* \evensidemargin=0.0pt
* \topmargin=-37.0pt
* \headheight=12.0pt
* \headsep=25.0pt
* \topskip=10.0pt
* \footskip=30.0pt
* \marginparwidth=65.0pt
* \marginparsep=11.0pt
* \columnsep=10.0pt
* \skip\footins=9.0pt plus 4.0pt minus 2.0pt
* \hoffset=0.0pt
* \voffset=0.0pt
* \mag=1000
* \@twocolumnfalse
* \@twosidefalse
* \@mparswitchfalse
* \@reversemarginfalse
* (1in=72.27pt=25.4mm, 1cm=28.453pt)

LaTeX Font Info:    Trying to load font information for OT1+lmr on input line 1
18.

(c:/Users/wykoong.WSHB0918002/AppData/Roaming/TinyTeX/texmf-dist/tex/latex/lm/o
t1lmr.fd
File: ot1lmr.fd 2009/10/30 v1.6 Font defs for Latin Modern
)
LaTeX Font Info:    Trying to load font information for OML+lmm on input line 1
18.

(c:/Users/wykoong.WSHB0918002/AppData/Roaming/TinyTeX/texmf-dist/tex/latex/lm/o
mllmm.fd
File: omllmm.fd 2009/10/30 v1.6 Font defs for Latin Modern
)
LaTeX Font Info:    Trying to load font information for OMS+lmsy on input line 
118.

(c:/Users/wykoong.WSHB0918002/AppData/Roaming/TinyTeX/texmf-dist/tex/latex/lm/o
mslmsy.fd
File: omslmsy.fd 2009/10/30 v1.6 Font defs for Latin Modern
)
LaTeX Font Info:    Trying to load font information for OMX+lmex on input line 
118.

(c:/Users/wykoong.WSHB0918002/AppData/Roaming/TinyTeX/texmf-dist/tex/latex/lm/o
mxlmex.fd
File: omxlmex.fd 2009/10/30 v1.6 Font defs for Latin Modern
)
LaTeX Font Info:    External font `lmex10' loaded for size
(Font)              <12> on input line 118.
LaTeX Font Info:    External font `lmex10' loaded for size
(Font)              <8> on input line 118.
LaTeX Font Info:    External font `lmex10' loaded for size
(Font)              <6> on input line 118.
LaTeX Font Info:    Trying to load font information for U+msa on input line 118
.

(c:/Users/wykoong.WSHB0918002/AppData/Roaming/TinyTeX/texmf-dist/tex/latex/amsf
onts/umsa.fd
File: umsa.fd 2013/01/14 v3.01 AMS symbols A
)
LaTeX Font Info:    Trying to load font information for U+msb on input line 118
.

(c:/Users/wykoong.WSHB0918002/AppData/Roaming/TinyTeX/texmf-dist/tex/latex/amsf
onts/umsb.fd
File: umsb.fd 2013/01/14 v3.01 AMS symbols B
) [1

{c:/Users/wykoong.WSHB0918002/AppData/Roaming/TinyTeX/texmf-var/fonts/map/pdfte
x/updmap/pdftex.map}]
<OSEMN_Framework.png, id=163, 702.625pt x 368.37625pt>
File: OSEMN_Framework.png Graphic file (type png)
<use OSEMN_Framework.png>
Package pdftex.def Info: OSEMN_Framework.png  used on input line 203.
(pdftex.def)             Requested size: 469.76996pt x 246.29367pt.
[2 <./OSEMN_Framework.png>]
LaTeX Font Info:    Trying to load font information for TS1+lmr on input line 2
58.

(c:/Users/wykoong.WSHB0918002/AppData/Roaming/TinyTeX/texmf-dist/tex/latex/lm/t
s1lmr.fd
File: ts1lmr.fd 2009/10/30 v1.6 Font defs for Latin Modern
) [3]
LaTeX Font Info:    External font `lmex10' loaded for size
(Font)              <10> on input line 310.
LaTeX Font Info:    External font `lmex10' loaded for size
(Font)              <7> on input line 310.
LaTeX Font Info:    External font `lmex10' loaded for size
(Font)              <5> on input line 310.

Package amsmath Warning: Foreign command \over;
(amsmath)                \frac or \genfrac should be used instead
(amsmath)                 on input line 328.

[4]
LaTeX Font Info:    Trying to load font information for T1+lmtt on input line 3
67.

(c:/Users/wykoong.WSHB0918002/AppData/Roaming/TinyTeX/texmf-dist/tex/latex/lm/t
1lmtt.fd
File: t1lmtt.fd 2009/10/30 v1.6 Font defs for Latin Modern
)
LaTeX Font Info:    Font shape `T1/lmtt/bx/n' in size <10> not available
(Font)              Font shape `T1/lmtt/b/n' tried instead on input line 368.
[5] [6]
<capstone_movielens_report_files/figure-latex/movieid_chart-1.pdf, id=225, 469.
755pt x 325.215pt>
File: capstone_movielens_report_files/figure-latex/movieid_chart-1.pdf Graphic 
file (type pdf)
<use capstone_movielens_report_files/figure-latex/movieid_chart-1.pdf>
Package pdftex.def Info: capstone_movielens_report_files/figure-latex/movieid_c
hart-1.pdf  used on input line 557.
(pdftex.def)             Requested size: 469.75386pt x 325.2142pt.
[7 <./capstone_movielens_report_files/figure-latex/movieid_chart-1.pdf>]
<capstone_movielens_report_files/figure-latex/_movie_rating_chart-1.pdf, id=237
, 469.755pt x 325.215pt>
File: capstone_movielens_report_files/figure-latex/_movie_rating_chart-1.pdf Gr
aphic file (type pdf)
<use capstone_movielens_report_files/figure-latex/_movie_rating_chart-1.pdf>
Package pdftex.def Info: capstone_movielens_report_files/figure-latex/_movie_ra
ting_chart-1.pdf  used on input line 595.
(pdftex.def)             Requested size: 469.75386pt x 325.2142pt.
[8 <./capstone_movielens_report_files/figure-latex/_movie_rating_chart-1.pdf>]
<capstone_movielens_report_files/figure-latex/users_rating_chart-1.pdf, id=249,
 469.755pt x 325.215pt>
File: capstone_movielens_report_files/figure-latex/users_rating_chart-1.pdf Gra
phic file (type pdf)
<use capstone_movielens_report_files/figure-latex/users_rating_chart-1.pdf>
Package pdftex.def Info: capstone_movielens_report_files/figure-latex/users_rat
ing_chart-1.pdf  used on input line 649.
(pdftex.def)             Requested size: 469.75386pt x 325.2142pt.
[9 <./capstone_movielens_report_files/figure-latex/users_rating_chart-1.pdf>]
<capstone_movielens_report_files/figure-latex/yr_rating_chart-1.pdf, id=261, 46
9.755pt x 325.215pt>
File: capstone_movielens_report_files/figure-latex/yr_rating_chart-1.pdf Graphi
c file (type pdf)
<use capstone_movielens_report_files/figure-latex/yr_rating_chart-1.pdf>
Package pdftex.def Info: capstone_movielens_report_files/figure-latex/yr_rating
_chart-1.pdf  used on input line 697.
(pdftex.def)             Requested size: 469.75386pt x 325.2142pt.
[10 <./capstone_movielens_report_files/figure-latex/yr_rating_chart-1.pdf>]
<capstone_movielens_report_files/figure-latex/yr_release_chart-1.pdf, id=273, 4
69.755pt x 325.215pt>
File: capstone_movielens_report_files/figure-latex/yr_release_chart-1.pdf Graph
ic file (type pdf)
<use capstone_movielens_report_files/figure-latex/yr_release_chart-1.pdf>
Package pdftex.def Info: capstone_movielens_report_files/figure-latex/yr_releas
e_chart-1.pdf  used on input line 760.
(pdftex.def)             Requested size: 469.75386pt x 325.2142pt.
[11]
Overfull \hbox (34.41194pt too wide) in alignment at lines 764--770
 [] [] [] [] [] [] [] [] [] [] [] [] [] [] [] [] 
 []


Overfull \hbox (34.41194pt too wide) in alignment at lines 770--775
 [] [] [] [] [] [] [] [] [] [] [] [] [] [] [] [] 
 []


Overfull \hbox (34.41194pt too wide) in alignment at lines 775--779
 [] [] [] [] [] [] [] [] [] [] [] [] [] [] [] [] 
 []

[12 <./capstone_movielens_report_files/figure-latex/yr_release_chart-1.pdf>]
<capstone_movielens_report_files/figure-latex/rating_chart-1.pdf, id=292, 469.7
55pt x 325.215pt>
File: capstone_movielens_report_files/figure-latex/rating_chart-1.pdf Graphic f
ile (type pdf)
<use capstone_movielens_report_files/figure-latex/rating_chart-1.pdf>
Package pdftex.def Info: capstone_movielens_report_files/figure-latex/rating_ch
art-1.pdf  used on input line 836.
(pdftex.def)             Requested size: 469.75386pt x 325.2142pt.
[13 <./capstone_movielens_report_files/figure-latex/rating_chart-1.pdf>]
Overfull \hbox (19.71716pt too wide) in alignment at lines 915--921
 [] [] [] [] [] [] [] [] 
 []


Overfull \hbox (19.71716pt too wide) in alignment at lines 921--926
 [] [] [] [] [] [] [] [] 
 []


Overfull \hbox (19.71716pt too wide) in alignment at lines 926--948
 [] [] [] [] [] [] [] [] 
 []

[14]
<capstone_movielens_report_files/figure-latex/yr_lapse_chart-1.pdf, id=316, 469
.755pt x 325.215pt>
File: capstone_movielens_report_files/figure-latex/yr_lapse_chart-1.pdf Graphic
 file (type pdf)
<use capstone_movielens_report_files/figure-latex/yr_lapse_chart-1.pdf>
Package pdftex.def Info: capstone_movielens_report_files/figure-latex/yr_lapse_
chart-1.pdf  used on input line 973.
(pdftex.def)             Requested size: 469.75386pt x 325.2142pt.
<capstone_movielens_report_files/figure-latex/yr_lapse_rating_chart-1.pdf, id=3
17, 469.755pt x 325.215pt>
File: capstone_movielens_report_files/figure-latex/yr_lapse_rating_chart-1.pdf 
Graphic file (type pdf)
<use capstone_movielens_report_files/figure-latex/yr_lapse_rating_chart-1.pdf>
Package pdftex.def Info: capstone_movielens_report_files/figure-latex/yr_lapse_
rating_chart-1.pdf  used on input line 993.
(pdftex.def)             Requested size: 469.75386pt x 325.2142pt.
[15 <./capstone_movielens_report_files/figure-latex/yr_lapse_chart-1.pdf>]
<capstone_movielens_report_files/figure-latex/user_movie_prcomp_chart-1.pdf, id
=327, 469.755pt x 325.215pt>
File: capstone_movielens_report_files/figure-latex/user_movie_prcomp_chart-1.pd
f Graphic file (type pdf)
<use capstone_movielens_report_files/figure-latex/user_movie_prcomp_chart-1.pdf
>
Package pdftex.def Info: capstone_movielens_report_files/figure-latex/user_movi
e_prcomp_chart-1.pdf  used on input line 1043.
(pdftex.def)             Requested size: 469.75386pt x 325.2142pt.
[16 <./capstone_movielens_report_files/figure-latex/yr_lapse_rating_chart-1.pdf
>]
<capstone_movielens_report_files/figure-latex/user_movie_matrix_chart-1.pdf, id
=341, 469.755pt x 325.215pt>
File: capstone_movielens_report_files/figure-latex/user_movie_matrix_chart-1.pd
f Graphic file (type pdf)
<use capstone_movielens_report_files/figure-latex/user_movie_matrix_chart-1.pdf
>
Package pdftex.def Info: capstone_movielens_report_files/figure-latex/user_movi
e_matrix_chart-1.pdf  used on input line 1064.
(pdftex.def)             Requested size: 469.75386pt x 325.2142pt.
[17 <./capstone_movielens_report_files/figure-latex/user_movie_prcomp_chart-1.p
df>]
Overfull \vbox (0.11314pt too high) detected at line 1102
 []

[18 <./capstone_movielens_report_files/figure-latex/user_movie_matrix_chart-1.p
df>] [19]
<capstone_movielens_report_files/figure-latex/calculate_movie_rmse-1.pdf, id=37
8, 469.755pt x 325.215pt>
File: capstone_movielens_report_files/figure-latex/calculate_movie_rmse-1.pdf G
raphic file (type pdf)
<use capstone_movielens_report_files/figure-latex/calculate_movie_rmse-1.pdf>
Package pdftex.def Info: capstone_movielens_report_files/figure-latex/calculate
_movie_rmse-1.pdf  used on input line 1225.
(pdftex.def)             Requested size: 469.75386pt x 325.2142pt.
[20] [21 <./capstone_movielens_report_files/figure-latex/calculate_movie_rmse-1
.pdf>]
<capstone_movielens_report_files/figure-latex/calculate_user_movie_rmse-1.pdf, 
id=396, 469.755pt x 325.215pt>
File: capstone_movielens_report_files/figure-latex/calculate_user_movie_rmse-1.
pdf Graphic file (type pdf)
<use capstone_movielens_report_files/figure-latex/calculate_user_movie_rmse-1.p
df>
Package pdftex.def Info: capstone_movielens_report_files/figure-latex/calculate
_user_movie_rmse-1.pdf  used on input line 1305.
(pdftex.def)             Requested size: 469.75386pt x 325.2142pt.
[22] [23 <./capstone_movielens_report_files/figure-latex/calculate_user_movie_r
mse-1.pdf>] [24]
<capstone_movielens_report_files/figure-latex/calculate_all_in_lambda-1.pdf, id
=417, 469.755pt x 325.215pt>
File: capstone_movielens_report_files/figure-latex/calculate_all_in_lambda-1.pd
f Graphic file (type pdf)
<use capstone_movielens_report_files/figure-latex/calculate_all_in_lambda-1.pdf
>
Package pdftex.def Info: capstone_movielens_report_files/figure-latex/calculate
_all_in_lambda-1.pdf  used on input line 1419.
(pdftex.def)             Requested size: 469.75386pt x 325.2142pt.
[25 <./capstone_movielens_report_files/figure-latex/calculate_all_in_lambda-1.p
df>] [26] [27] [28] [29] [30] (./capstone_movielens_report.aux)
Package rerunfilecheck Info: File `capstone_movielens_report.out' has not chang
ed.
(rerunfilecheck)             Checksum: 87B05518A113EBE25F58F14C04944386;6239.
 ) 
Here is how much of TeX's memory you used:
 11729 strings out of 481864
 176190 string characters out of 5928348
 467163 words of memory out of 5000000
 27677 multiletter control sequences out of 15000+600000
 585957 words of font info for 72 fonts, out of 8000000 for 9000
 14 hyphenation exceptions out of 8191
 60i,6n,66p,396b,446s stack positions out of 5000i,500n,10000p,200000b,80000s
{c:/Users/wykoong.WSHB0918002/AppData/Roaming/TinyTeX/texmf-dist/fonts/enc/dv
ips/lm/lm-mathit.enc}{c:/Users/wykoong.WSHB0918002/AppData/Roaming/TinyTeX/texm
f-dist/fonts/enc/dvips/lm/lm-ec.enc}{c:/Users/wykoong.WSHB0918002/AppData/Roami
ng/TinyTeX/texmf-dist/fonts/enc/dvips/lm/lm-mathex.enc}{c:/Users/wykoong.WSHB09
18002/AppData/Roaming/TinyTeX/texmf-dist/fonts/enc/dvips/lm/lm-rm.enc}{c:/Users
/wykoong.WSHB0918002/AppData/Roaming/TinyTeX/texmf-dist/fonts/enc/dvips/lm/lm-m
athsy.enc}{c:/Users/wykoong.WSHB0918002/AppData/Roaming/TinyTeX/texmf-dist/font
s/enc/dvips/lm/lm-ts1.enc}<c:/Users/wykoong.WSHB0918002/AppData/Roaming/TinyTeX
/texmf-dist/fonts/type1/public/lm/lmbx10.pfb><c:/Users/wykoong.WSHB0918002/AppD
ata/Roaming/TinyTeX/texmf-dist/fonts/type1/public/lm/lmbx12.pfb><c:/Users/wykoo
ng.WSHB0918002/AppData/Roaming/TinyTeX/texmf-dist/fonts/type1/public/lm/lmex10.
pfb><c:/Users/wykoong.WSHB0918002/AppData/Roaming/TinyTeX/texmf-dist/fonts/type
1/public/lm/lmmi10.pfb><c:/Users/wykoong.WSHB0918002/AppData/Roaming/TinyTeX/te
xmf-dist/fonts/type1/public/lm/lmmi5.pfb><c:/Users/wykoong.WSHB0918002/AppData/
Roaming/TinyTeX/texmf-dist/fonts/type1/public/lm/lmmi7.pfb><c:/Users/wykoong.WS
HB0918002/AppData/Roaming/TinyTeX/texmf-dist/fonts/type1/public/lm/lmr10.pfb><c
:/Users/wykoong.WSHB0918002/AppData/Roaming/TinyTeX/texmf-dist/fonts/type1/publ
ic/lm/lmr12.pfb><c:/Users/wykoong.WSHB0918002/AppData/Roaming/TinyTeX/texmf-dis
t/fonts/type1/public/lm/lmr17.pfb><c:/Users/wykoong.WSHB0918002/AppData/Roaming
/TinyTeX/texmf-dist/fonts/type1/public/lm/lmr7.pfb><c:/Users/wykoong.WSHB091800
2/AppData/Roaming/TinyTeX/texmf-dist/fonts/type1/public/lm/lmri10.pfb><c:/Users
/wykoong.WSHB0918002/AppData/Roaming/TinyTeX/texmf-dist/fonts/type1/public/lm/l
msy10.pfb><c:/Users/wykoong.WSHB0918002/AppData/Roaming/TinyTeX/texmf-dist/font
s/type1/public/lm/lmtk10.pfb><c:/Users/wykoong.WSHB0918002/AppData/Roaming/Tiny
TeX/texmf-dist/fonts/type1/public/lm/lmtt10.pfb><c:/Users/wykoong.WSHB0918002/A
ppData/Roaming/TinyTeX/texmf-dist/fonts/type1/public/lm/lmtti10.pfb>
Output written on capstone_movielens_report.pdf (30 pages, 1020072 bytes).
PDF statistics:
 562 PDF objects out of 1000 (max. 8388607)
 481 compressed objects within 5 object streams
 161 named destinations out of 1000 (max. 500000)
 359 words of extra memory for PDF output out of 10000 (max. 10000000)

